[30-Jan-2026 13:15:32 Africa/Nairobi] Cannot access offset of type string on string in /home/vol9_8/byethost7.com/b7_40611962/tsilizy-atlas.is-great.net/htdocs/views/hr/paychecks/create.php on line 29
[30-Jan-2026 13:16:53 Africa/Nairobi] Application Error: Undefined array key "invoice_date"
[30-Jan-2026 13:33:04 Africa/Nairobi] Application Error: Array to string conversion
[30-Jan-2026 13:33:19 Africa/Nairobi] Application Error: Array to string conversion
[30-Jan-2026 13:35:51 Africa/Nairobi] Application Error: Undefined array key "priority"
[30-Jan-2026 13:36:02 Africa/Nairobi] Application Error: Array to string conversion
[30-Jan-2026 13:38:07 Africa/Nairobi] Cannot access offset of type string on string in /home/vol9_8/byethost7.com/b7_40611962/tsilizy-atlas.is-great.net/htdocs/views/hr/paychecks/create.php on line 29
[30-Jan-2026 13:45:29 Africa/Nairobi] Database Error: SQLSTATE[23000]: Integrity constraint violation: 1048 Column 'account_name' cannot be null
[30-Jan-2026 13:48:20 Africa/Nairobi] Database Error: SQLSTATE[23000]: Integrity constraint violation: 1048 Column 'account_name' cannot be null
[30-Jan-2026 14:40:35 Africa/Nairobi] Cannot access offset of type string on string in /home/vol9_8/byethost7.com/b7_40611962/tsilizy-atlas.is-great.net/htdocs/views/hr/paychecks/create.php on line 29
[30-Jan-2026 14:46:40 Africa/Nairobi] Cannot access offset of type string on string in /home/vol9_8/byethost7.com/b7_40611962/tsilizy-atlas.is-great.net/htdocs/views/hr/paychecks/create.php on line 29
[30-Jan-2026 14:47:37 Africa/Nairobi] syntax error, unexpected token "public", expecting end of file in /home/vol9_8/byethost7.com/b7_40611962/tsilizy-atlas.is-great.net/htdocs/controllers/UserController.php on line 333
[30-Jan-2026 15:21:49 Africa/Nairobi] Cannot access offset of type string on string in /home/vol9_8/byethost7.com/b7_40611962/tsilizy-atlas.is-great.net/htdocs/views/hr/paychecks/create.php on line 29
[30-Jan-2026 15:26:10 Africa/Nairobi] syntax error, unexpected token "public", expecting end of file in /home/vol9_8/byethost7.com/b7_40611962/tsilizy-atlas.is-great.net/htdocs/controllers/UserController.php on line 333
[30-Jan-2026 15:39:59 Africa/Nairobi] Database Error: SQLSTATE[42S22]: Column not found: 1054 Unknown column 'deleted_at' in 'WHERE'
[30-Jan-2026 15:40:15 Africa/Nairobi] Cannot access offset of type string on string in /home/vol9_8/byethost7.com/b7_40611962/tsilizy-atlas.is-great.net/htdocs/views/hr/paychecks/create.php on line 29
[30-Jan-2026 15:41:33 Africa/Nairobi] Database Error: SQLSTATE[42S22]: Column not found: 1054 Unknown column 'deleted_at' in 'WHERE'
[30-Jan-2026 16:06:36 Africa/Nairobi] Application Error: Undefined array key "priority"
[30-Jan-2026 16:10:30 Africa/Nairobi] Database Error: SQLSTATE[42S22]: Column not found: 1054 Unknown column 'created_by' in 'INSERT INTO'
[30-Jan-2026 16:29:23 Africa/Nairobi] Database Error: SQLSTATE[42S22]: Column not found: 1054 Unknown column 'created_by' in 'INSERT INTO'
[30-Jan-2026 17:12:29 Africa/Nairobi] Application Error: Undefined array key "has_prev"
[30-Jan-2026 17:15:29 Africa/Nairobi] Application Error: Undefined array key "has_prev"
[30-Jan-2026 17:16:21 Africa/Nairobi] Application Error: Undefined array key "has_prev"
[30-Jan-2026 17:20:30 Africa/Nairobi] Application Error: Undefined array key "has_prev"
[01-Feb-2026 16:06:50 Africa/Nairobi] Database Error: SQLSTATE[42S22]: Column not found: 1054 Unknown column 'created_by' in 'INSERT INTO'
[01-Feb-2026 16:07:06 Africa/Nairobi] Database Error: SQLSTATE[42S22]: Column not found: 1054 Unknown column 'created_by' in 'INSERT INTO'
[12-Feb-2026 16:05:33 Africa/Nairobi] session_start(): ps_files_cleanup_dir: opendir(/php_sessions) failed: Permission denied (13) in /home/vol9_8/byethost7.com/b7_40611962/tsilizy-atlas.is-great.net/htdocs/core/Session.php on line 36
[12-Feb-2026 16:19:17 Africa/Nairobi] session_start(): ps_files_cleanup_dir: opendir(/php_sessions) failed: Permission denied (13) in /home/vol9_8/byethost7.com/b7_40611962/tsilizy-atlas.is-great.net/htdocs/core/Session.php on line 36
